CRITICAL - 2025-04-08 16:40:32 --> Error: Call to undefined method CodeIgniter\View\View::extends()
[Method: GET, Route: dashboard]
in APPPATH\Views\admin\dashboard\index.php on line 1.
 1 SYSTEMPATH\View\View.php(224): include()
 2 SYSTEMPATH\View\View.php(227): CodeIgniter\View\View->CodeIgniter\View\{closure}()
 3 SYSTEMPATH\Common.php(1173): CodeIgniter\View\View->render('admin/dashboard/index', [], true)
 4 APPPATH\Controllers\Admin\dashboardController.php(11): view('admin/dashboard/index')
 5 SYSTEMPATH\CodeIgniter.php(933): App\Controllers\Admin\dashboardController->index()
 6 SYSTEMPATH\CodeIgniter.php(507): CodeIgniter\CodeIgniter->runController(Object(App\Controllers\Admin\dashboardController))
 7 SYSTEMPATH\CodeIgniter.php(354): CodeIgniter\CodeIgniter->handleRequest(null, Object(Config\Cache), false)
 8 SYSTEMPATH\Boot.php(334): CodeIgniter\CodeIgniter->run()
 9 SYSTEMPATH\Boot.php(67): CodeIgniter\Boot::runCodeIgniter(Object(CodeIgniter\CodeIgniter))
10 FCPATH\index.php(56): CodeIgniter\Boot::bootWeb(Object(Config\Paths))
11 SYSTEMPATH\rewrite.php(44): require_once('E:\\skripsi\\public\\index.php')
CRITICAL - 2025-04-08 16:40:45 --> Error: Call to undefined method CodeIgniter\View\View::extends()
[Method: GET, Route: dashboard]
in APPPATH\Views\admin\dashboard\index.php on line 1.
 1 SYSTEMPATH\View\View.php(224): include()
 2 SYSTEMPATH\View\View.php(227): CodeIgniter\View\View->CodeIgniter\View\{closure}()
 3 SYSTEMPATH\Common.php(1173): CodeIgniter\View\View->render('admin/dashboard/index', [], true)
 4 APPPATH\Controllers\Admin\dashboardController.php(11): view('admin/dashboard/index')
 5 SYSTEMPATH\CodeIgniter.php(933): App\Controllers\Admin\dashboardController->index()
 6 SYSTEMPATH\CodeIgniter.php(507): CodeIgniter\CodeIgniter->runController(Object(App\Controllers\Admin\dashboardController))
 7 SYSTEMPATH\CodeIgniter.php(354): CodeIgniter\CodeIgniter->handleRequest(null, Object(Config\Cache), false)
 8 SYSTEMPATH\Boot.php(334): CodeIgniter\CodeIgniter->run()
 9 SYSTEMPATH\Boot.php(67): CodeIgniter\Boot::runCodeIgniter(Object(CodeIgniter\CodeIgniter))
10 FCPATH\index.php(56): CodeIgniter\Boot::bootWeb(Object(Config\Paths))
11 SYSTEMPATH\rewrite.php(44): require_once('E:\\skripsi\\public\\index.php')
CRITICAL - 2025-04-08 16:42:00 --> Error: Call to undefined method CodeIgniter\View\View::extends()
[Method: GET, Route: pendaftaran]
in APPPATH\Views\admin\pendaftaran\index.php on line 1.
 1 SYSTEMPATH\View\View.php(224): include()
 2 SYSTEMPATH\View\View.php(227): CodeIgniter\View\View->CodeIgniter\View\{closure}()
 3 SYSTEMPATH\Common.php(1173): CodeIgniter\View\View->render('admin/pendaftaran/index', [], true)
 4 APPPATH\Controllers\Admin\PendaftaranController.php(12): view('admin/pendaftaran/index')
 5 SYSTEMPATH\CodeIgniter.php(933): App\Controllers\Admin\PendaftaranController->index()
 6 SYSTEMPATH\CodeIgniter.php(507): CodeIgniter\CodeIgniter->runController(Object(App\Controllers\Admin\PendaftaranController))
 7 SYSTEMPATH\CodeIgniter.php(354): CodeIgniter\CodeIgniter->handleRequest(null, Object(Config\Cache), false)
 8 SYSTEMPATH\Boot.php(334): CodeIgniter\CodeIgniter->run()
 9 SYSTEMPATH\Boot.php(67): CodeIgniter\Boot::runCodeIgniter(Object(CodeIgniter\CodeIgniter))
10 FCPATH\index.php(56): CodeIgniter\Boot::bootWeb(Object(Config\Paths))
11 SYSTEMPATH\rewrite.php(44): require_once('E:\\skripsi\\public\\index.php')
CRITICAL - 2025-04-08 16:43:51 --> Error: Call to undefined method CodeIgniter\View\View::extends()
[Method: GET, Route: pendaftaran]
in APPPATH\Views\admin\pendaftaran\index.php on line 1.
 1 SYSTEMPATH\View\View.php(224): include()
 2 SYSTEMPATH\View\View.php(227): CodeIgniter\View\View->CodeIgniter\View\{closure}()
 3 SYSTEMPATH\Common.php(1173): CodeIgniter\View\View->render('admin/pendaftaran/index', [], true)
 4 APPPATH\Controllers\Admin\PendaftaranController.php(12): view('admin/pendaftaran/index')
 5 SYSTEMPATH\CodeIgniter.php(933): App\Controllers\Admin\PendaftaranController->index()
 6 SYSTEMPATH\CodeIgniter.php(507): CodeIgniter\CodeIgniter->runController(Object(App\Controllers\Admin\PendaftaranController))
 7 SYSTEMPATH\CodeIgniter.php(354): CodeIgniter\CodeIgniter->handleRequest(null, Object(Config\Cache), false)
 8 SYSTEMPATH\Boot.php(334): CodeIgniter\CodeIgniter->run()
 9 SYSTEMPATH\Boot.php(67): CodeIgniter\Boot::runCodeIgniter(Object(CodeIgniter\CodeIgniter))
10 FCPATH\index.php(56): CodeIgniter\Boot::bootWeb(Object(Config\Paths))
11 SYSTEMPATH\rewrite.php(44): require_once('E:\\skripsi\\public\\index.php')
