DEBUG - 2025-05-03 15:19:33 --> Session: Class initialized using 'CodeIgniter\Session\Handlers\FileHandler' driver.
DEBUG - 2025-05-03 15:25:50 --> Session: Class initialized using 'CodeIgniter\Session\Handlers\FileHandler' driver.
DEBUG - 2025-05-03 15:26:16 --> Session: Class initialized using 'CodeIgniter\Session\Handlers\FileHandler' driver.
ERROR - 2025-05-03 15:29:54 --> Error connecting to the database: mysqli_sql_exception: No connection could be made because the target machine actively refused it in C:\xampp\htdocs\skripsi-2\system\Database\MySQLi\Connection.php:202
Stack trace:
#0 C:\xampp\htdocs\skripsi-2\system\Database\MySQLi\Connection.php(202): mysqli->real_connect('localhost', 'root', '', 'umroh', 3306, '', 0)
#1 C:\xampp\htdocs\skripsi-2\system\Database\BaseConnection.php(421): CodeIgniter\Database\MySQLi\Connection->connect(false)
#2 C:\xampp\htdocs\skripsi-2\system\Database\BaseConnection.php(620): CodeIgniter\Database\BaseConnection->initialize()
#3 C:\xampp\htdocs\skripsi-2\system\Database\BaseBuilder.php(2345): CodeIgniter\Database\BaseConnection->query('INSERT INTO `ja...', Array, false)
#4 C:\xampp\htdocs\skripsi-2\system\Model.php(394): CodeIgniter\Database\BaseBuilder->insert()
#5 C:\xampp\htdocs\skripsi-2\system\BaseModel.php(839): CodeIgniter\Model->doInsert(Array)
#6 C:\xampp\htdocs\skripsi-2\system\Model.php(800): CodeIgniter\BaseModel->insert(Array, false)
#7 C:\xampp\htdocs\skripsi-2\system\BaseModel.php(750): CodeIgniter\Model->insert(Array, false)
#8 C:\xampp\htdocs\skripsi-2\app\Controllers\Admin\JamaahController.php(44): CodeIgniter\BaseModel->save(Array)
#9 C:\xampp\htdocs\skripsi-2\system\CodeIgniter.php(933): App\Controllers\Admin\JamaahController->simpan()
#10 C:\xampp\htdocs\skripsi-2\system\CodeIgniter.php(507): CodeIgniter\CodeIgniter->runController(Object(App\Controllers\Admin\JamaahController))
#11 C:\xampp\htdocs\skripsi-2\system\CodeIgniter.php(354): CodeIgniter\CodeIgniter->handleRequest(NULL, Object(Config\Cache), false)
#12 C:\xampp\htdocs\skripsi-2\system\Boot.php(334): CodeIgniter\CodeIgniter->run()
#13 C:\xampp\htdocs\skripsi-2\system\Boot.php(67): CodeIgniter\Boot::runCodeIgniter(Object(CodeIgniter\CodeIgniter))
#14 C:\xampp\htdocs\skripsi-2\public\index.php(56): CodeIgniter\Boot::bootWeb(Object(Config\Paths))
#15 C:\xampp\htdocs\skripsi-2\system\rewrite.php(44): require_once('C:\\xampp\\htdocs...')
#16 {main}

Next CodeIgniter\Database\Exceptions\DatabaseException: No connection could be made because the target machine actively refused it in C:\xampp\htdocs\skripsi-2\system\Database\MySQLi\Connection.php:246
Stack trace:
#0 C:\xampp\htdocs\skripsi-2\system\Database\BaseConnection.php(421): CodeIgniter\Database\MySQLi\Connection->connect(false)
#1 C:\xampp\htdocs\skripsi-2\system\Database\BaseConnection.php(620): CodeIgniter\Database\BaseConnection->initialize()
#2 C:\xampp\htdocs\skripsi-2\system\Database\BaseBuilder.php(2345): CodeIgniter\Database\BaseConnection->query('INSERT INTO `ja...', Array, false)
#3 C:\xampp\htdocs\skripsi-2\system\Model.php(394): CodeIgniter\Database\BaseBuilder->insert()
#4 C:\xampp\htdocs\skripsi-2\system\BaseModel.php(839): CodeIgniter\Model->doInsert(Array)
#5 C:\xampp\htdocs\skripsi-2\system\Model.php(800): CodeIgniter\BaseModel->insert(Array, false)
#6 C:\xampp\htdocs\skripsi-2\system\BaseModel.php(750): CodeIgniter\Model->insert(Array, false)
#7 C:\xampp\htdocs\skripsi-2\app\Controllers\Admin\JamaahController.php(44): CodeIgniter\BaseModel->save(Array)
#8 C:\xampp\htdocs\skripsi-2\system\CodeIgniter.php(933): App\Controllers\Admin\JamaahController->simpan()
#9 C:\xampp\htdocs\skripsi-2\system\CodeIgniter.php(507): CodeIgniter\CodeIgniter->runController(Object(App\Controllers\Admin\JamaahController))
#10 C:\xampp\htdocs\skripsi-2\system\CodeIgniter.php(354): CodeIgniter\CodeIgniter->handleRequest(NULL, Object(Config\Cache), false)
#11 C:\xampp\htdocs\skripsi-2\system\Boot.php(334): CodeIgniter\CodeIgniter->run()
#12 C:\xampp\htdocs\skripsi-2\system\Boot.php(67): CodeIgniter\Boot::runCodeIgniter(Object(CodeIgniter\CodeIgniter))
#13 C:\xampp\htdocs\skripsi-2\public\index.php(56): CodeIgniter\Boot::bootWeb(Object(Config\Paths))
#14 C:\xampp\htdocs\skripsi-2\system\rewrite.php(44): require_once('C:\\xampp\\htdocs...')
#15 {main}
CRITICAL - 2025-05-03 15:29:54 --> CodeIgniter\Database\Exceptions\DatabaseException: Unable to connect to the database.
Main connection [MySQLi]: No connection could be made because the target machine actively refused it
[Method: POST, Route: jamaah/simpan]
in SYSTEMPATH\Database\BaseConnection.php on line 467.
 1 SYSTEMPATH\Database\BaseConnection.php(620): CodeIgniter\Database\BaseConnection->initialize()
 2 SYSTEMPATH\Database\BaseBuilder.php(2345): CodeIgniter\Database\BaseConnection->query('INSERT INTO `jamaah` (`nama_lengkap`, `jenis_kelamin`, `nama_ortu`, `no_ktp`, `no_hp`, `email`, `tempat_lahir`, `tanggal_lahir`, `pekerjaan`, `alamat`, `kelurahan`, `kecamatan`, `kabupaten`, `provinsi`, `kode_pos`, `created_at`, `updated_at`) VALUES (:nama_lengkap:, :jenis_kelamin:, :nama_ortu:, :no_ktp:, :no_hp:, :email:, :tempat_lahir:, :tanggal_lahir:, :pekerjaan:, :alamat:, :kelurahan:, :kecamatan:, :kabupaten:, :provinsi:, :kode_pos:, :created_at:, :updated_at:)', [...], false)
 3 SYSTEMPATH\Model.php(394): CodeIgniter\Database\BaseBuilder->insert()
 4 SYSTEMPATH\BaseModel.php(839): CodeIgniter\Model->doInsert([...])
 5 SYSTEMPATH\Model.php(800): CodeIgniter\BaseModel->insert([...], false)
 6 SYSTEMPATH\BaseModel.php(750): CodeIgniter\Model->insert([...], false)
 7 APPPATH\Controllers\Admin\JamaahController.php(44): CodeIgniter\BaseModel->save([...])
 8 SYSTEMPATH\CodeIgniter.php(933): App\Controllers\Admin\JamaahController->simpan()
 9 SYSTEMPATH\CodeIgniter.php(507): CodeIgniter\CodeIgniter->runController(Object(App\Controllers\Admin\JamaahController))
10 SYSTEMPATH\CodeIgniter.php(354): CodeIgniter\CodeIgniter->handleRequest(null, Object(Config\Cache), false)
11 SYSTEMPATH\Boot.php(334): CodeIgniter\CodeIgniter->run()
12 SYSTEMPATH\Boot.php(67): CodeIgniter\Boot::runCodeIgniter(Object(CodeIgniter\CodeIgniter))
13 FCPATH\index.php(56): CodeIgniter\Boot::bootWeb(Object(Config\Paths))
14 SYSTEMPATH\rewrite.php(44): require_once('C:\\xampp\\htdocs\\skripsi-2\\public\\index.php')
ERROR - 2025-05-03 15:30:20 --> Error connecting to the database: mysqli_sql_exception: No connection could be made because the target machine actively refused it in C:\xampp\htdocs\skripsi-2\system\Database\MySQLi\Connection.php:202
Stack trace:
#0 C:\xampp\htdocs\skripsi-2\system\Database\MySQLi\Connection.php(202): mysqli->real_connect('localhost', 'root', '', 'umroh', 3306, '', 0)
#1 C:\xampp\htdocs\skripsi-2\system\Database\BaseConnection.php(421): CodeIgniter\Database\MySQLi\Connection->connect(false)
#2 C:\xampp\htdocs\skripsi-2\system\Database\BaseConnection.php(620): CodeIgniter\Database\BaseConnection->initialize()
#3 C:\xampp\htdocs\skripsi-2\system\Database\BaseBuilder.php(2345): CodeIgniter\Database\BaseConnection->query('INSERT INTO `ja...', Array, false)
#4 C:\xampp\htdocs\skripsi-2\system\Model.php(394): CodeIgniter\Database\BaseBuilder->insert()
#5 C:\xampp\htdocs\skripsi-2\system\BaseModel.php(839): CodeIgniter\Model->doInsert(Array)
#6 C:\xampp\htdocs\skripsi-2\system\Model.php(800): CodeIgniter\BaseModel->insert(Array, false)
#7 C:\xampp\htdocs\skripsi-2\system\BaseModel.php(750): CodeIgniter\Model->insert(Array, false)
#8 C:\xampp\htdocs\skripsi-2\app\Controllers\Admin\JamaahController.php(44): CodeIgniter\BaseModel->save(Array)
#9 C:\xampp\htdocs\skripsi-2\system\CodeIgniter.php(933): App\Controllers\Admin\JamaahController->simpan()
#10 C:\xampp\htdocs\skripsi-2\system\CodeIgniter.php(507): CodeIgniter\CodeIgniter->runController(Object(App\Controllers\Admin\JamaahController))
#11 C:\xampp\htdocs\skripsi-2\system\CodeIgniter.php(354): CodeIgniter\CodeIgniter->handleRequest(NULL, Object(Config\Cache), false)
#12 C:\xampp\htdocs\skripsi-2\system\Boot.php(334): CodeIgniter\CodeIgniter->run()
#13 C:\xampp\htdocs\skripsi-2\system\Boot.php(67): CodeIgniter\Boot::runCodeIgniter(Object(CodeIgniter\CodeIgniter))
#14 C:\xampp\htdocs\skripsi-2\public\index.php(56): CodeIgniter\Boot::bootWeb(Object(Config\Paths))
#15 C:\xampp\htdocs\skripsi-2\system\rewrite.php(44): require_once('C:\\xampp\\htdocs...')
#16 {main}

Next CodeIgniter\Database\Exceptions\DatabaseException: No connection could be made because the target machine actively refused it in C:\xampp\htdocs\skripsi-2\system\Database\MySQLi\Connection.php:246
Stack trace:
#0 C:\xampp\htdocs\skripsi-2\system\Database\BaseConnection.php(421): CodeIgniter\Database\MySQLi\Connection->connect(false)
#1 C:\xampp\htdocs\skripsi-2\system\Database\BaseConnection.php(620): CodeIgniter\Database\BaseConnection->initialize()
#2 C:\xampp\htdocs\skripsi-2\system\Database\BaseBuilder.php(2345): CodeIgniter\Database\BaseConnection->query('INSERT INTO `ja...', Array, false)
#3 C:\xampp\htdocs\skripsi-2\system\Model.php(394): CodeIgniter\Database\BaseBuilder->insert()
#4 C:\xampp\htdocs\skripsi-2\system\BaseModel.php(839): CodeIgniter\Model->doInsert(Array)
#5 C:\xampp\htdocs\skripsi-2\system\Model.php(800): CodeIgniter\BaseModel->insert(Array, false)
#6 C:\xampp\htdocs\skripsi-2\system\BaseModel.php(750): CodeIgniter\Model->insert(Array, false)
#7 C:\xampp\htdocs\skripsi-2\app\Controllers\Admin\JamaahController.php(44): CodeIgniter\BaseModel->save(Array)
#8 C:\xampp\htdocs\skripsi-2\system\CodeIgniter.php(933): App\Controllers\Admin\JamaahController->simpan()
#9 C:\xampp\htdocs\skripsi-2\system\CodeIgniter.php(507): CodeIgniter\CodeIgniter->runController(Object(App\Controllers\Admin\JamaahController))
#10 C:\xampp\htdocs\skripsi-2\system\CodeIgniter.php(354): CodeIgniter\CodeIgniter->handleRequest(NULL, Object(Config\Cache), false)
#11 C:\xampp\htdocs\skripsi-2\system\Boot.php(334): CodeIgniter\CodeIgniter->run()
#12 C:\xampp\htdocs\skripsi-2\system\Boot.php(67): CodeIgniter\Boot::runCodeIgniter(Object(CodeIgniter\CodeIgniter))
#13 C:\xampp\htdocs\skripsi-2\public\index.php(56): CodeIgniter\Boot::bootWeb(Object(Config\Paths))
#14 C:\xampp\htdocs\skripsi-2\system\rewrite.php(44): require_once('C:\\xampp\\htdocs...')
#15 {main}
CRITICAL - 2025-05-03 15:30:20 --> CodeIgniter\Database\Exceptions\DatabaseException: Unable to connect to the database.
Main connection [MySQLi]: No connection could be made because the target machine actively refused it
[Method: POST, Route: jamaah/simpan]
in SYSTEMPATH\Database\BaseConnection.php on line 467.
 1 SYSTEMPATH\Database\BaseConnection.php(620): CodeIgniter\Database\BaseConnection->initialize()
 2 SYSTEMPATH\Database\BaseBuilder.php(2345): CodeIgniter\Database\BaseConnection->query('INSERT INTO `jamaah` (`nama_lengkap`, `jenis_kelamin`, `nama_ortu`, `no_ktp`, `no_hp`, `email`, `tempat_lahir`, `tanggal_lahir`, `pekerjaan`, `alamat`, `kelurahan`, `kecamatan`, `kabupaten`, `provinsi`, `kode_pos`, `created_at`, `updated_at`) VALUES (:nama_lengkap:, :jenis_kelamin:, :nama_ortu:, :no_ktp:, :no_hp:, :email:, :tempat_lahir:, :tanggal_lahir:, :pekerjaan:, :alamat:, :kelurahan:, :kecamatan:, :kabupaten:, :provinsi:, :kode_pos:, :created_at:, :updated_at:)', [...], false)
 3 SYSTEMPATH\Model.php(394): CodeIgniter\Database\BaseBuilder->insert()
 4 SYSTEMPATH\BaseModel.php(839): CodeIgniter\Model->doInsert([...])
 5 SYSTEMPATH\Model.php(800): CodeIgniter\BaseModel->insert([...], false)
 6 SYSTEMPATH\BaseModel.php(750): CodeIgniter\Model->insert([...], false)
 7 APPPATH\Controllers\Admin\JamaahController.php(44): CodeIgniter\BaseModel->save([...])
 8 SYSTEMPATH\CodeIgniter.php(933): App\Controllers\Admin\JamaahController->simpan()
 9 SYSTEMPATH\CodeIgniter.php(507): CodeIgniter\CodeIgniter->runController(Object(App\Controllers\Admin\JamaahController))
10 SYSTEMPATH\CodeIgniter.php(354): CodeIgniter\CodeIgniter->handleRequest(null, Object(Config\Cache), false)
11 SYSTEMPATH\Boot.php(334): CodeIgniter\CodeIgniter->run()
12 SYSTEMPATH\Boot.php(67): CodeIgniter\Boot::runCodeIgniter(Object(CodeIgniter\CodeIgniter))
13 FCPATH\index.php(56): CodeIgniter\Boot::bootWeb(Object(Config\Paths))
14 SYSTEMPATH\rewrite.php(44): require_once('C:\\xampp\\htdocs\\skripsi-2\\public\\index.php')
DEBUG - 2025-05-03 15:30:47 --> Session: Class initialized using 'CodeIgniter\Session\Handlers\FileHandler' driver.
DEBUG - 2025-05-03 15:30:50 --> Session: Class initialized using 'CodeIgniter\Session\Handlers\FileHandler' driver.
DEBUG - 2025-05-03 15:34:48 --> Session: Class initialized using 'CodeIgniter\Session\Handlers\FileHandler' driver.
